<?xml version="1.0" encoding="UTF-8"?>
<testng-results skipped="0" failed="0" ignored="0" total="1" passed="1">
  <reporter-output>
  </reporter-output>
  <suite name="Default suite" duration-ms="31" started-at="2019-12-18T16:27:40Z" finished-at="2019-12-18T16:27:40Z">
    <groups>
    </groups>
    <test name="Default test" duration-ms="31" started-at="2019-12-18T16:27:40Z" finished-at="2019-12-18T16:27:40Z">
      <class name="org.jiahuan.shoppingcart_demo.ShoppingCart">
        <test-method status="PASS" signature="testName()[pri:0, instance:ShoppingCart [inventory=[]]]" name="testName" duration-ms="15" started-at="2019-12-18T16:27:40Z" finished-at="2019-12-18T16:27:40Z">
          <reporter-output>
          </reporter-output>
        </test-method> <!-- testName -->
      </class> <!-- org.jiahuan.shoppingcart_demo.ShoppingCart -->
    </test> <!-- Default test -->
  </suite> <!-- Default suite -->
</testng-results>
